Arguments: 
  /home/john/.nvm/versions/node/v10.16.0/bin/node /usr/local/bin/yarn add @babel/core @bable/preset-env @babel/preset-react webpack-cli

PATH: 
  /home/john/.nvm/versions/node/v10.16.0/bin:/usr/local/sbin:/usr/local/bin:/usr/sbin:/usr/bin:/sbin:/bin:/usr/games:/usr/local/games:/snap/bin:/opt/android/android-sdk-linux/tools:/opt/android/android-sdk-linux/platform-tools:/opt/android/android-sdk-linux/tools/bin

Yarn version: 
  1.16.0

Node version: 
  10.16.0

Platform: 
  linux x64

Trace: 
  Error: https://registry.yarnpkg.com/@bable%2fpreset-env: Not found
      at Request.params.callback [as _callback] (/usr/local/lib/node_modules/yarn/lib/cli.js:66091:18)
      at Request.self.callback (/usr/local/lib/node_modules/yarn/lib/cli.js:129590:22)
      at Request.emit (events.js:198:13)
      at Request.<anonymous> (/usr/local/lib/node_modules/yarn/lib/cli.js:130562:10)
      at Request.emit (events.js:198:13)
      at IncomingMessage.<anonymous> (/usr/local/lib/node_modules/yarn/lib/cli.js:130484:12)
      at Object.onceWrapper (events.js:286:20)
      at IncomingMessage.emit (events.js:203:15)
      at endReadableNT (_stream_readable.js:1129:12)
      at process._tickCallback (internal/process/next_tick.js:63:19)

npm manifest: 
  {
    "name": "modulo03",
    "version": "1.0.0",
    "main": "index.js",
    "license": "MIT"
  }

yarn manifest: 
  No manifest

Lockfile: 
  No lockfile
